  [1m[36m (1.1ms)[0m  [1mselect sqlite_version(*)[0m
  [1m[35m (0.3ms)[0m  CREATE TABLE "turkee_tasks" ("id" INTEGER PRIMARY KEY AUTOINCREMENT NOT NULL, "hit_url" varchar(255), "sandbox" boolean, "task_type" varchar(255), "hit_title" text, "hit_description" text, "hit_id" varchar(255), "hit_reward" decimal(10,2), "hit_num_assignments" integer, "hit_lifetime" integer, "form_url" varchar(255), "completed_assignments" integer DEFAULT 0, "complete" boolean, "expired" boolean, "created_at" datetime NOT NULL, "updated_at" datetime NOT NULL, "turkee_flow_id" integer, "hit_duration" integer) 
  [1m[36m (0.1ms)[0m  [1mCREATE TABLE "surveys" ("id" INTEGER PRIMARY KEY AUTOINCREMENT NOT NULL, "answer" varchar(255)) [0m
  [1m[35m (0.1ms)[0m  CREATE TABLE "turkee_studies" ("id" INTEGER PRIMARY KEY AUTOINCREMENT NOT NULL, "turkee_task_id" integer, "feedback" varchar(255)) 
  [1m[36m (0.1ms)[0m  [1mCREATE TABLE "schema_migrations" ("version" varchar(255) NOT NULL) [0m
  [1m[35m (0.0ms)[0m  PRAGMA index_list("schema_migrations")
  [1m[36m (0.1ms)[0m  [1mCREATE UNIQUE INDEX "unique_schema_migrations" ON "schema_migrations" ("version")[0m
  [1m[35m (0.0ms)[0m  SELECT version FROM "schema_migrations"
  [1m[36m (0.0ms)[0m  [1mINSERT INTO "schema_migrations" (version) VALUES ('1')[0m
DEPRECATION WARNING: Factory(:name) is deprecated; use FactoryGirl.create(:name) instead. (called from block (3 levels) in <top (required)> at /Users/aantix/dev/turkee/spec/helpers/turkee_forms_helper_spec.rb:18)
  [1m[35m (0.0ms)[0m  begin transaction
  [1m[36mSQL (1.1ms)[0m  [1mINSERT INTO "turkee_tasks" ("complete", "completed_assignments", "created_at", "expired", "form_url", "hit_description", "hit_duration", "hit_id", "hit_lifetime", "hit_num_assignments", "hit_reward", "hit_title", "hit_url", "sandbox", "task_type", "turkee_flow_id", "updated_at") VALUES (?, ?, ?, ?, ?, ?, ?, ?, ?, ?, ?, ?, ?, ?, ?, ?, ?)[0m  [["complete", false], ["completed_assignments", 0], ["created_at", Tue, 23 Apr 2013 06:23:11 UTC +00:00], ["expired", false], ["form_url", "http://localhost/test_task/new"], ["hit_description", "Test Desc"], ["hit_duration", 1], ["hit_id", "123"], ["hit_lifetime", 1], ["hit_num_assignments", 100], ["hit_reward", #<BigDecimal:7ff5703cf538,'0.5E-1',9(45)>], ["hit_title", "Test Title"], ["hit_url", "http://workersandbox.mturk.com/mturk/preview?groupId=248SVGULF395SZ65OC6S6NYNJDXAO5"], ["sandbox", true], ["task_type", "TestTask"], ["turkee_flow_id", nil], ["updated_at", Tue, 23 Apr 2013 06:23:11 UTC +00:00]]
  [1m[35m (0.0ms)[0m  commit transaction
  [1m[36mTurkee::TurkeeTask Load (0.1ms)[0m  [1mSELECT "turkee_tasks".* FROM "turkee_tasks" ORDER BY "turkee_tasks"."id" DESC LIMIT 1[0m
  [1m[35m (0.1ms)[0m  begin transaction
  [1m[36mSQL (0.2ms)[0m  [1mINSERT INTO "turkee_tasks" ("complete", "completed_assignments", "created_at", "expired", "form_url", "hit_description", "hit_duration", "hit_id", "hit_lifetime", "hit_num_assignments", "hit_reward", "hit_title", "hit_url", "sandbox", "task_type", "turkee_flow_id", "updated_at") VALUES (?, ?, ?, ?, ?, ?, ?, ?, ?, ?, ?, ?, ?, ?, ?, ?, ?)[0m  [["complete", false], ["completed_assignments", 0], ["created_at", Tue, 23 Apr 2013 06:23:11 UTC +00:00], ["expired", false], ["form_url", "http://localhost/test_task/new"], ["hit_description", "Test Desc"], ["hit_duration", 1], ["hit_id", "123"], ["hit_lifetime", 1], ["hit_num_assignments", 100], ["hit_reward", #<BigDecimal:7ff57010f730,'0.5E-1',9(45)>], ["hit_title", "Test Title"], ["hit_url", "http://workersandbox.mturk.com/mturk/preview?groupId=248SVGULF395SZ65OC6S6NYNJDXAO5"], ["sandbox", true], ["task_type", "TestTask"], ["turkee_flow_id", nil], ["updated_at", Tue, 23 Apr 2013 06:23:11 UTC +00:00]]
  [1m[35m (0.0ms)[0m  commit transaction
  [1m[36m (0.0ms)[0m  [1mbegin transaction[0m
  [1m[35mSQL (0.2ms)[0m  INSERT INTO "turkee_tasks" ("complete", "completed_assignments", "created_at", "expired", "form_url", "hit_description", "hit_duration", "hit_id", "hit_lifetime", "hit_num_assignments", "hit_reward", "hit_title", "hit_url", "sandbox", "task_type", "turkee_flow_id", "updated_at") VALUES (?, ?, ?, ?, ?, ?, ?, ?, ?, ?, ?, ?, ?, ?, ?, ?, ?)  [["complete", false], ["completed_assignments", 100], ["created_at", Tue, 23 Apr 2013 06:23:11 UTC +00:00], ["expired", false], ["form_url", "http://localhost/test_task/new"], ["hit_description", "Test Desc"], ["hit_duration", 1], ["hit_id", "123"], ["hit_lifetime", 1], ["hit_num_assignments", 100], ["hit_reward", #<BigDecimal:7ff56c8dd038,'0.5E-1',9(45)>], ["hit_title", "Test Title"], ["hit_url", "http://workersandbox.mturk.com/mturk/preview?groupId=248SVGULF395SZ65OC6S6NYNJDXAO5"], ["sandbox", true], ["task_type", "TestTask"], ["turkee_flow_id", nil], ["updated_at", Tue, 23 Apr 2013 06:23:11 UTC +00:00]]
  [1m[36m (0.0ms)[0m  [1mcommit transaction[0m
  [1m[35m (0.0ms)[0m  begin transaction
  [1m[36mSQL (0.2ms)[0m  [1mINSERT INTO "turkee_tasks" ("complete", "completed_assignments", "created_at", "expired", "form_url", "hit_description", "hit_duration", "hit_id", "hit_lifetime", "hit_num_assignments", "hit_reward", "hit_title", "hit_url", "sandbox", "task_type", "turkee_flow_id", "updated_at") VALUES (?, ?, ?, ?, ?, ?, ?, ?, ?, ?, ?, ?, ?, ?, ?, ?, ?)[0m  [["complete", false], ["completed_assignments", 0], ["created_at", Tue, 23 Apr 2013 06:23:11 UTC +00:00], ["expired", false], ["form_url", "http://localhost/test_task/new"], ["hit_description", "Test Desc"], ["hit_duration", 1], ["hit_id", "123"], ["hit_lifetime", 1], ["hit_num_assignments", 100], ["hit_reward", #<BigDecimal:7ff56f0bc518,'0.5E-1',9(45)>], ["hit_title", "Test Title"], ["hit_url", "http://workersandbox.mturk.com/mturk/preview?groupId=248SVGULF395SZ65OC6S6NYNJDXAO5"], ["sandbox", true], ["task_type", "TestTask"], ["turkee_flow_id", nil], ["updated_at", Tue, 23 Apr 2013 06:23:11 UTC +00:00]]
  [1m[35m (0.0ms)[0m  commit transaction
  [1m[36m (0.0ms)[0m  [1mbegin transaction[0m
  [1m[35mSQL (0.2ms)[0m  INSERT INTO "turkee_tasks" ("complete", "completed_assignments", "created_at", "expired", "form_url", "hit_description", "hit_duration", "hit_id", "hit_lifetime", "hit_num_assignments", "hit_reward", "hit_title", "hit_url", "sandbox", "task_type", "turkee_flow_id", "updated_at") VALUES (?, ?, ?, ?, ?, ?, ?, ?, ?, ?, ?, ?, ?, ?, ?, ?, ?)  [["complete", false], ["completed_assignments", 0], ["created_at", Sun, 21 Apr 2013 06:23:11 UTC +00:00], ["expired", false], ["form_url", "http://localhost/test_task/new"], ["hit_description", "Test Desc"], ["hit_duration", 1], ["hit_id", "123"], ["hit_lifetime", 1], ["hit_num_assignments", 100], ["hit_reward", #<BigDecimal:7ff56f25c648,'0.5E-1',9(45)>], ["hit_title", "Test Title"], ["hit_url", "http://workersandbox.mturk.com/mturk/preview?groupId=248SVGULF395SZ65OC6S6NYNJDXAO5"], ["sandbox", true], ["task_type", "TestTask"], ["turkee_flow_id", nil], ["updated_at", Tue, 23 Apr 2013 06:23:11 UTC +00:00]]
  [1m[36m (0.0ms)[0m  [1mcommit transaction[0m
  [1m[35m (0.0ms)[0m  begin transaction
  [1m[36mSQL (0.2ms)[0m  [1mINSERT INTO "turkee_tasks" ("complete", "completed_assignments", "created_at", "expired", "form_url", "hit_description", "hit_duration", "hit_id", "hit_lifetime", "hit_num_assignments", "hit_reward", "hit_title", "hit_url", "sandbox", "task_type", "turkee_flow_id", "updated_at") VALUES (?, ?, ?, ?, ?, ?, ?, ?, ?, ?, ?, ?, ?, ?, ?, ?, ?)[0m  [["complete", false], ["completed_assignments", 0], ["created_at", Mon, 22 Apr 2013 06:23:11 UTC +00:00], ["expired", false], ["form_url", "http://localhost/test_task/new"], ["hit_description", "Test Desc"], ["hit_duration", 1], ["hit_id", "123"], ["hit_lifetime", 1], ["hit_num_assignments", 100], ["hit_reward", #<BigDecimal:7ff57007b530,'0.5E-1',9(45)>], ["hit_title", "Test Title"], ["hit_url", "http://workersandbox.mturk.com/mturk/preview?groupId=248SVGULF395SZ65OC6S6NYNJDXAO5"], ["sandbox", true], ["task_type", "TestTask"], ["turkee_flow_id", nil], ["updated_at", Tue, 23 Apr 2013 06:23:11 UTC +00:00]]
  [1m[35m (0.0ms)[0m  commit transaction
  [1m[36m (0.0ms)[0m  [1mbegin transaction[0m
  [1m[35mSQL (0.2ms)[0m  INSERT INTO "turkee_tasks" ("complete", "completed_assignments", "created_at", "expired", "form_url", "hit_description", "hit_duration", "hit_id", "hit_lifetime", "hit_num_assignments", "hit_reward", "hit_title", "hit_url", "sandbox", "task_type", "turkee_flow_id", "updated_at") VALUES (?, ?, ?, ?, ?, ?, ?, ?, ?, ?, ?, ?, ?, ?, ?, ?, ?)  [["complete", false], ["completed_assignments", 100], ["created_at", Tue, 23 Apr 2013 06:23:11 UTC +00:00], ["expired", false], ["form_url", "http://localhost/test_task/new"], ["hit_description", "Test Desc"], ["hit_duration", 1], ["hit_id", "123"], ["hit_lifetime", 1], ["hit_num_assignments", 100], ["hit_reward", #<BigDecimal:7ff57067fe18,'0.5E-1',9(45)>], ["hit_title", "Test Title"], ["hit_url", "http://workersandbox.mturk.com/mturk/preview?groupId=248SVGULF395SZ65OC6S6NYNJDXAO5"], ["sandbox", true], ["task_type", "TestTask"], ["turkee_flow_id", nil], ["updated_at", Tue, 23 Apr 2013 06:23:11 UTC +00:00]]
  [1m[36m (0.0ms)[0m  [1mcommit transaction[0m
  [1m[35m (0.0ms)[0m  begin transaction
  [1m[36m (0.1ms)[0m  [1mUPDATE "turkee_tasks" SET "complete" = 't', "updated_at" = '2013-04-23 06:23:11.307442' WHERE "turkee_tasks"."id" = 7[0m
  [1m[35m (0.0ms)[0m  commit transaction
  [1m[36m (0.0ms)[0m  [1mbegin transaction[0m
  [1m[35mSQL (0.2ms)[0m  INSERT INTO "turkee_tasks" ("complete", "completed_assignments", "created_at", "expired", "form_url", "hit_description", "hit_duration", "hit_id", "hit_lifetime", "hit_num_assignments", "hit_reward", "hit_title", "hit_url", "sandbox", "task_type", "turkee_flow_id", "updated_at") VALUES (?, ?, ?, ?, ?, ?, ?, ?, ?, ?, ?, ?, ?, ?, ?, ?, ?)  [["complete", false], ["completed_assignments", 100], ["created_at", Tue, 23 Apr 2013 06:23:11 UTC +00:00], ["expired", false], ["form_url", "http://localhost/test_task/new"], ["hit_description", "Test Desc"], ["hit_duration", 1], ["hit_id", "123"], ["hit_lifetime", 1], ["hit_num_assignments", 99], ["hit_reward", #<BigDecimal:7ff56e06a930,'0.5E-1',9(45)>], ["hit_title", "Test Title"], ["hit_url", "http://workersandbox.mturk.com/mturk/preview?groupId=248SVGULF395SZ65OC6S6NYNJDXAO5"], ["sandbox", true], ["task_type", "TestTask"], ["turkee_flow_id", nil], ["updated_at", Tue, 23 Apr 2013 06:23:11 UTC +00:00]]
  [1m[36m (0.0ms)[0m  [1mcommit transaction[0m
  [1m[35m (0.0ms)[0m  begin transaction
  [1m[36mSQL (0.2ms)[0m  [1mINSERT INTO "turkee_tasks" ("complete", "completed_assignments", "created_at", "expired", "form_url", "hit_description", "hit_duration", "hit_id", "hit_lifetime", "hit_num_assignments", "hit_reward", "hit_title", "hit_url", "sandbox", "task_type", "turkee_flow_id", "updated_at") VALUES (?, ?, ?, ?, ?, ?, ?, ?, ?, ?, ?, ?, ?, ?, ?, ?, ?)[0m  [["complete", false], ["completed_assignments", 0], ["created_at", Tue, 23 Apr 2013 06:23:11 UTC +00:00], ["expired", false], ["form_url", "http://localhost/test_task/new"], ["hit_description", "Test Desc"], ["hit_duration", 1], ["hit_id", "123"], ["hit_lifetime", 1], ["hit_num_assignments", 100], ["hit_reward", #<BigDecimal:7ff56e4c46c0,'0.5E-1',9(45)>], ["hit_title", "Test Title"], ["hit_url", "http://workersandbox.mturk.com/mturk/preview?groupId=248SVGULF395SZ65OC6S6NYNJDXAO5"], ["sandbox", true], ["task_type", "TestTask"], ["turkee_flow_id", nil], ["updated_at", Tue, 23 Apr 2013 06:23:11 UTC +00:00]]
  [1m[35m (0.0ms)[0m  commit transaction
  [1m[36m (0.0ms)[0m  [1mbegin transaction[0m
  [1m[35mSQL (0.2ms)[0m  INSERT INTO "turkee_tasks" ("complete", "completed_assignments", "created_at", "expired", "form_url", "hit_description", "hit_duration", "hit_id", "hit_lifetime", "hit_num_assignments", "hit_reward", "hit_title", "hit_url", "sandbox", "task_type", "turkee_flow_id", "updated_at") VALUES (?, ?, ?, ?, ?, ?, ?, ?, ?, ?, ?, ?, ?, ?, ?, ?, ?)  [["complete", false], ["completed_assignments", 0], ["created_at", Sun, 21 Apr 2013 06:23:11 UTC +00:00], ["expired", false], ["form_url", "http://localhost/test_task/new"], ["hit_description", "Test Desc"], ["hit_duration", 1], ["hit_id", "123"], ["hit_lifetime", 1], ["hit_num_assignments", 100], ["hit_reward", #<BigDecimal:7ff57061cac0,'0.5E-1',9(45)>], ["hit_title", "Test Title"], ["hit_url", "http://workersandbox.mturk.com/mturk/preview?groupId=248SVGULF395SZ65OC6S6NYNJDXAO5"], ["sandbox", true], ["task_type", "TestTask"], ["turkee_flow_id", nil], ["updated_at", Tue, 23 Apr 2013 06:23:11 UTC +00:00]]
  [1m[36m (0.0ms)[0m  [1mcommit transaction[0m
  [1m[35m (0.0ms)[0m  begin transaction
  [1m[36m (0.1ms)[0m  [1mUPDATE "turkee_tasks" SET "expired" = 't', "updated_at" = '2013-04-23 06:23:11.316700' WHERE "turkee_tasks"."id" = 10[0m
  [1m[35m (0.0ms)[0m  commit transaction
  [1m[36m (0.0ms)[0m  [1mbegin transaction[0m
  [1m[35mSQL (0.2ms)[0m  INSERT INTO "turkee_tasks" ("complete", "completed_assignments", "created_at", "expired", "form_url", "hit_description", "hit_duration", "hit_id", "hit_lifetime", "hit_num_assignments", "hit_reward", "hit_title", "hit_url", "sandbox", "task_type", "turkee_flow_id", "updated_at") VALUES (?, ?, ?, ?, ?, ?, ?, ?, ?, ?, ?, ?, ?, ?, ?, ?, ?)  [["complete", false], ["completed_assignments", 0], ["created_at", Tue, 23 Apr 2013 06:23:11 UTC +00:00], ["expired", false], ["form_url", "http://localhost/test_task/new"], ["hit_description", "Test Desc"], ["hit_duration", 1], ["hit_id", "123"], ["hit_lifetime", 1], ["hit_num_assignments", 100], ["hit_reward", #<BigDecimal:7ff56e029390,'0.5E-1',9(45)>], ["hit_title", "Test Title"], ["hit_url", "http://workersandbox.mturk.com/mturk/preview?groupId=248SVGULF395SZ65OC6S6NYNJDXAO5"], ["sandbox", true], ["task_type", "TestTask"], ["turkee_flow_id", nil], ["updated_at", Tue, 23 Apr 2013 06:23:11 UTC +00:00]]
  [1m[36m (0.0ms)[0m  [1mcommit transaction[0m
